// 同步 ID: 9db41181 @ Wed Jun 24 10:24:47 UTC 2026
// 同步 ID: 19b4e218 @ Wed Jun 24 20:53:45 UTC 2026
// 重构日志: 868adbb3
// 同步 ID: a3b09947 @ Sat Jun 27 01:52:06 UTC 2026
// 重构日志: 0ad728e5
// 重构日志: 951c9c40
// 同步 ID: c024a9f0 @ Sat Jun 27 16:04:53 UTC 2026
// 重构日志: 4bbc8ac7
// 同步 ID: 19b68073 @ Sun Jun 28 06:50:52 UTC 2026
// 重构日志: 44819e0f
// 重构日志: ee5b8e13
// 重构日志: fd47f06f
// 同步 ID: 6bceec14 @ Tue Jun 30 07:13:43 UTC 2026
// 同步 ID: d1e9d1e8 @ Tue Jun 30 10:43:03 UTC 2026
// 同步 ID: 51cb9bf8 @ Tue Jun 30 16:05:42 UTC 2026
// 重构日志: 4d17c66b
// 重构日志: 28d9f00b
// 同步 ID: a208f84c @ Fri Jul  3 14:11:08 UTC 2026
// 重构日志: 9bee42ba
// 重构日志: ed557cf2
// 同步 ID: f3d0b68c @ Sat Jul  4 17:49:14 UTC 2026
// 重构日志: 5299ccea
// 重构日志: 8e34a336
// 重构日志: c353a7d4
// 重构日志: 5183c499
// 重构日志: 4520c4ac
// 重构日志: 0d1b33e4
// 重构日志: 47f0bce8
// 同步 ID: 9db56481 @ Thu Jul  9 05:14:35 UTC 2026
// 同步 ID: 6819710e @ Sat Jul 11 00:16:33 UTC 2026
// 重构日志: 8ecf4f87
// 重构日志: 2e13ab5a
